Failed to open /tmp/tmpk82xkes3/1658648.xml: <class 'xml.parsers.expat.ExpatError'>
Failed to open /tmp/tmpk82xkes3/1658085.xml: <class 'xml.parsers.expat.ExpatError'>
Failed to open /tmp/tmpao36x5ue/1201835.xml: <class 'xml.parsers.expat.ExpatError'>
Failed to open /tmp/tmpqhtgq5q2/1201835.xml: <class 'xml.parsers.expat.ExpatError'>
Failed to open /tmp/tmp4l2kqdi1/0231051.xml: <class 'xml.parsers.expat.ExpatError'>
Failed to open /tmp/tmp4l2kqdi1/0234912.xml: <class 'xml.parsers.expat.ExpatError'>
Failed to open /tmp/tmp4l2kqdi1/0225630.xml: <class 'xml.parsers.expat.ExpatError'>
Failed to open /tmp/tmp4l2kqdi1/0234811.xml: <class 'xml.parsers.expat.ExpatError'>
Failed to open /tmp/tmp__ydtw5k/7308629.xml: <class 'xml.parsers.expat.ExpatError'>
Failed to open /tmp/tmp7bhsuqt3/7308629.xml: <class 'xml.parsers.expat.ExpatError'>
Failed to open /tmp/tmpddm0_aqc/1658648.xml: <class 'xml.parsers.expat.ExpatError'>
Failed to open /tmp/tmpddm0_aqc/1658085.xml: <class 'xml.parsers.expat.ExpatError'>
Failed to open /tmp/tmpsm88k_m9/1201835.xml: <class 'xml.parsers.expat.ExpatError'>
Failed to open /tmp/tmp77g4cuyc/0231051.xml: <class 'xml.parsers.expat.ExpatError'>
Failed to open /tmp/tmp77g4cuyc/0234912.xml: <class 'xml.parsers.expat.ExpatError'>
Failed to open /tmp/tmp77g4cuyc/0225630.xml: <class 'xml.parsers.expat.ExpatError'>
Failed to open /tmp/tmp77g4cuyc/0234811.xml: <class 'xml.parsers.expat.ExpatError'>
Failed to open /tmp/tmpirmc4bme/7308629.xml: <class 'xml.parsers.expat.ExpatError'>
Failed to open /tmp/tmp57lgao5_/0086177.xml: <class 'xml.parsers.expat.ExpatError'>
Failed to open /tmp/tmp1597ehit/0633891.xml: <class 'xml.parsers.expat.ExpatError'>
Failed to open /tmp/tmp1597ehit/0651627.xml: <class 'xml.parsers.expat.ExpatError'>
Failed to open /tmp/tmplac6xocr/1715947.xml: <class 'xml.parsers.expat.ExpatError'>
Failed to open /tmp/tmp5n9wkuzx/0323596.xml: <class 'xml.parsers.expat.ExpatError'>
Failed to open /tmp/tmp5n9wkuzx/0349195.xml: <class 'xml.parsers.expat.ExpatError'>
Failed to open /tmp/tmp5n9wkuzx/0342388.xml: <class 'xml.parsers.expat.ExpatError'>
Failed to open /tmp/tmpmjvjs6lj/9707520.xml: <class 'xml.parsers.expat.ExpatError'>
Failed to open /tmp/tmpmjvjs6lj/9727796.xml: <class 'xml.parsers.expat.ExpatError'>
Failed to open /tmp/tmpmjvjs6lj/9708978.xml: <class 'xml.parsers.expat.ExpatError'>
Failed to open /tmp/tmpmjvjs6lj/9709273.xml: <class 'xml.parsers.expat.ExpatError'>
Failed to open /tmp/tmpyrmvs6fz/1117536.xml: <class 'xml.parsers.expat.ExpatError'>
Failed to open /tmp/tmpyrmvs6fz/1147930.xml: <class 'xml.parsers.expat.ExpatError'>
Failed to open /tmp/tmpyrmvs6fz/1116739.xml: <class 'xml.parsers.expat.ExpatError'>
Failed to open /tmp/tmpyrmvs6fz/1117597.xml: <class 'xml.parsers.expat.ExpatError'>
Failed to open /tmp/tmpa6unlpoy/0834451.xml: <class 'xml.parsers.expat.ExpatError'>
Failed to open /tmp/tmpa6unlpoy/0833126.xml: <class 'xml.parsers.expat.ExpatError'>
Failed to open /tmp/tmpa6unlpoy/0830651.xml: <class 'xml.parsers.expat.ExpatError'>
Failed to open /tmp/tmpa6unlpoy/0801763.xml: <class 'xml.parsers.expat.ExpatError'>
Failed to open /tmp/tmpa6unlpoy/0810982.xml: <class 'xml.parsers.expat.ExpatError'>
Failed to open /tmp/tmpa6unlpoy/0834750.xml: <class 'xml.parsers.expat.ExpatError'>
Failed to open /tmp/tmpa6unlpoy/0833162.xml: <class 'xml.parsers.expat.ExpatError'>
Failed to open /tmp/tmpa6unlpoy/0802008.xml: <class 'xml.parsers.expat.ExpatError'>
Failed to open /tmp/tmpa6unlpoy/0803440.xml: <class 'xml.parsers.expat.ExpatError'>
Failed to open /tmp/tmpa6unlpoy/0840444.xml: <class 'xml.parsers.expat.ExpatError'>
Failed to open /tmp/tmp8lh1bj3i/0507256.xml: <class 'xml.parsers.expat.ExpatError'>
Failed to open /tmp/tmp8lh1bj3i/0500568.xml: <class 'xml.parsers.expat.ExpatError'>
Failed to open /tmp/tmp8lh1bj3i/0506732.xml: <class 'xml.parsers.expat.ExpatError'>
Failed to open /tmp/tmp7b_zyjw8/0748133.xml: <class 'xml.parsers.expat.ExpatError'>
Failed to open /tmp/tmp7b_zyjw8/0722887.xml: <class 'xml.parsers.expat.ExpatError'>
Failed to open /tmp/tmpq0p7tmjq/7905807.xml: <class 'xml.parsers.expat.ExpatError'>
Failed to open /tmp/tmpoek9ogoa/8116754.xml: <class 'xml.parsers.expat.ExpatError'>
Failed to open /tmp/tmpxg1gz_48/1308438.xml: <class 'xml.parsers.expat.ExpatError'>
Failed to open /tmp/tmph4_c2zpl/7607157.xml: <class 'xml.parsers.expat.ExpatError'>
Failed to open /tmp/tmpe80q8ga9/1029603.xml: <class 'xml.parsers.expat.ExpatError'>
Failed to open /tmp/tmpe80q8ga9/1022648.xml: <class 'xml.parsers.expat.ExpatError'>
Failed to open /tmp/tmpe80q8ga9/1066456.xml: <class 'xml.parsers.expat.ExpatError'>
Failed to open /tmp/tmpe80q8ga9/1017775.xml: <class 'xml.parsers.expat.ExpatError'>
Failed to open /tmp/tmpqwaqaabh/1927373.xml: <class 'xml.parsers.expat.ExpatError'>
Failed to open /tmp/tmpriepbkh8/1527262.xml: <class 'xml.parsers.expat.ExpatError'>
Failed to open /tmp/tmpriepbkh8/1507053.xml: <class 'xml.parsers.expat.ExpatError'>
Failed to open /tmp/tmpriepbkh8/1535755.xml: <class 'xml.parsers.expat.ExpatError'>
Failed to open /tmp/tmpp_vbb5yk/7420590.xml: <class 'xml.parsers.expat.ExpatError'>
Failed to open /tmp/tmp32lmo244/9350074.xml: <class 'xml.parsers.expat.ExpatError'>
Failed to open /tmp/tmp32lmo244/9302317.xml: <class 'xml.parsers.expat.ExpatError'>
Failed to open /tmp/tmpsfn3if5n/0909203.xml: <class 'xml.parsers.expat.ExpatError'>
Failed to open /tmp/tmpsfn3if5n/0926029.xml: <class 'xml.parsers.expat.ExpatError'>
Failed to open /tmp/tmpsfn3if5n/0917266.xml: <class 'xml.parsers.expat.ExpatError'>
Failed to open /tmp/tmpv1xz592u/8503343.xml: <class 'xml.parsers.expat.ExpatError'>
Failed to open /tmp/tmpz_27r088/0443803.xml: <class 'xml.parsers.expat.ExpatError'>
Failed to open /tmp/tmpkjepap02/8301723.xml: <class 'xml.parsers.expat.ExpatError'>
